[1635449692] Nagios 4.4.6 starting... (PID=25)
[1635449692] Local time is Thu Oct 28 21:34:52 CEST 2021
[1635449692] LOG VERSION: 2.0
[1635449692] qh: Socket '/opt/nagios/var/rw/nagios.qh' successfully initialized
[1635449692] qh: core query handler registered
[1635449692] qh: echo service query handler registered
[1635449692] qh: help for the query handler registered
[1635449692] wproc: Successfully registered manager as @wproc with query handler
[1635449692] wproc: Registry request: name=Core Worker 31;pid=31
[1635449692] wproc: Registry request: name=Core Worker 32;pid=32
[1635449692] wproc: Registry request: name=Core Worker 34;pid=34
[1635449692] wproc: Registry request: name=Core Worker 35;pid=35
[1635449692] wproc: Registry request: name=Core Worker 36;pid=36
[1635449692] wproc: Registry request: name=Core Worker 37;pid=37
[1635449692] wproc: Registry request: name=Core Worker 33;pid=33
[1635449692] wproc: Registry request: name=Core Worker 40;pid=40
[1635449692] wproc: Registry request: name=Core Worker 41;pid=41
[1635449692] wproc: Registry request: name=Core Worker 38;pid=38
[1635449692] wproc: Registry request: name=Core Worker 39;pid=39
[1635449692] wproc: Registry request: name=Core Worker 42;pid=42
[1635449693] Successfully launched command file worker with pid 48
